<?xml version="1.0" encoding="UTF-8"?>
  <testsuite name="DB Suite" tests="5" failures="5" errors="0" time="0.003">
      <testcase name="Database Select should return a stub connection" classname="DB Suite" time="0.000763753">
          <failure type="Panic">/home/yerac/radaf/go-lib/pkg/db/db_test.go:47&#xA;Test Panicked&#xA;/usr/lib/go-1.17/src/runtime/panic.go:221&#xA;&#xA;Panic: runtime error: invalid memory address or nil pointer dereference&#xA;&#xA;Full stack:&#xA;source.rad.af/libs/go-lib/pkg/db.(*data).Select(0xc0000d2078, {0x8d8440, 0xc0000a2150}, {0x7a2ec0, 0xc00000e300}, {0x838efc, 0x6}, {0x0, 0x0, 0x0})&#xA;&#x9;/home/yerac/radaf/go-lib/pkg/db/db.go:68 +0x54&#xA;source.rad.af/libs/go-lib/pkg/db_test.glob..func1.3.1()&#xA;&#x9;/home/yerac/radaf/go-lib/pkg/db/db_test.go:49 +0x1b2&#xA;github.com/onsi/ginkgo/internal/leafnodes.(*runner).runSync(0x771385)&#xA;&#x9;/home/yerac/go/pkg/mod/github.com/onsi/ginkgo@v1.16.5/internal/leafnodes/runner.go:113 +0xba&#xA;github.com/onsi/ginkgo/internal/leafnodes.(*runner).run(0x0)&#xA;&#x9;/home/yerac/go/pkg/mod/github.com/onsi/ginkgo@v1.16.5/internal/leafnodes/runner.go:64 +0x125&#xA;github.com/onsi/ginkgo/internal/leafnodes.(*SetupNode).Run(0x203000)&#xA;&#x9;/home/yerac/go/pkg/mod/github.com/onsi/ginkgo@v1.16.5/internal/leafnodes/setup_nodes.go:15 +0x7b&#xA;github.com/onsi/ginkgo/internal/spec.(*Spec).runSample(0xc00023a000, 0xc00014fa00, {0x8ce3e0, 0xc000020b80})&#xA;&#x9;/home/yerac/go/pkg/mod/github.com/onsi/ginkgo@v1.16.5/internal/spec/spec.go:193 +0x5ec&#xA;github.com/onsi/ginkgo/internal/spec.(*Spec).Run(0xc00023a000, {0x8ce3e0, 0xc000020b80})&#xA;&#x9;/home/yerac/go/pkg/mod/github.com/onsi/ginkgo@v1.16.5/internal/spec/spec.go:138 +0xe7&#xA;github.com/onsi/ginkgo/internal/specrunner.(*SpecRunner).runSpec(0xc000168580, 0xc00023a000)&#xA;&#x9;/home/yerac/go/pkg/mod/github.com/onsi/ginkgo@v1.16.5/internal/specrunner/spec_runner.go:200 +0xe5&#xA;github.com/onsi/ginkgo/internal/specrunner.(*SpecRunner).runSpecs(0xc000168580)&#xA;&#x9;/home/yerac/go/pkg/mod/github.com/onsi/ginkgo@v1.16.5/internal/specrunner/spec_runner.go:170 +0x1a5&#xA;github.com/onsi/ginkgo/internal/specrunner.(*SpecRunner).Run(0xc000168580)&#xA;&#x9;/home/yerac/go/pkg/mod/github.com/onsi/ginkgo@v1.16.5/internal/specrunner/spec_runner.go:66 +0xc5&#xA;github.com/onsi/ginkgo/internal/suite.(*Suite).Run(0xc000133880, {0x7fca39bd8c78, 0xc00011d6c0}, {0x83b4c0, 0x8}, {0xc00006e620, 0x2, 0x2}, {0x8dacf8, 0xc000020b80}, ...)&#xA;&#x9;/home/yerac/go/pkg/mod/github.com/onsi/ginkgo@v1.16.5/internal/suite/suite.go:79 +0x4d2&#xA;github.com/onsi/ginkgo.runSpecsWithCustomReporters({0x8ce9e0, 0xc00011d6c0}, {0x83b4c0, 0x8}, {0xc00006e600, 0x2, 0x846d00})&#xA;&#x9;/home/yerac/go/pkg/mod/github.com/onsi/ginkgo@v1.16.5/ginkgo_dsl.go:245 +0x185&#xA;github.com/onsi/ginkgo.RunSpecsWithDefaultAndCustomReporters({0x8ce9e0, 0xc00011d6c0}, {0x83b4c0, 0x8}, {0xc000052750, 0x1, 0x1})&#xA;&#x9;/home/yerac/go/pkg/mod/github.com/onsi/ginkgo@v1.16.5/ginkgo_dsl.go:228 +0x1be&#xA;source.rad.af/libs/go-lib/pkg/db.TestDB(0x0)&#xA;&#x9;/home/yerac/radaf/go-lib/pkg/db/db_suite_test.go:18 +0xdb&#xA;testing.tRunner(0xc00011d6c0, 0x8656c8)&#xA;&#x9;/usr/lib/go-1.17/src/testing/testing.go:1259 +0x102&#xA;created by testing.(*T).Run&#xA;&#x9;/usr/lib/go-1.17/src/testing/testing.go:1306 +0x35a</failure>
      </testcase>
      <testcase name="Database Get should return a stub connection" classname="DB Suite" time="0.000559778">
          <failure type="Failure">/home/yerac/radaf/go-lib/pkg/db/db_test.go:27&#xA;Expected success, but got an error:&#xA;    &lt;*errors.errorString | 0xc0000ab0b0&gt;: {&#xA;        s: &#34;call to database Ping, was not expected, next expectation is: ExpectedQuery =&gt; expecting Query, QueryContext or QueryRow which:\n  - matches sql: &#39;SELECT&#39;\n  - is without arguments\n  - should return rows:\n    row 0 - [99]&#34;,&#xA;    }&#xA;    call to database Ping, was not expected, next expectation is: ExpectedQuery =&gt; expecting Query, QueryContext or QueryRow which:&#xA;      - matches sql: &#39;SELECT&#39;&#xA;      - is without arguments&#xA;      - should return rows:&#xA;        row 0 - [99]&#xA;/home/yerac/radaf/go-lib/pkg/db/db_test.go:38</failure>
      </testcase>
      <testcase name="Database Begin Returns a Tx interface" classname="DB Suite" time="0.000574221">
          <failure type="Failure">/home/yerac/radaf/go-lib/pkg/db/db_test.go:27&#xA;Expected success, but got an error:&#xA;    &lt;*errors.errorString | 0xc0000ab990&gt;: {&#xA;        s: &#34;call to database Ping, was not expected, next expectation is: ExpectedQuery =&gt; expecting Query, QueryContext or QueryRow which:\n  - matches sql: &#39;SELECT&#39;\n  - is without arguments\n  - should return rows:\n    row 0 - [99]&#34;,&#xA;    }&#xA;    call to database Ping, was not expected, next expectation is: ExpectedQuery =&gt; expecting Query, QueryContext or QueryRow which:&#xA;      - matches sql: &#39;SELECT&#39;&#xA;      - is without arguments&#xA;      - should return rows:&#xA;        row 0 - [99]&#xA;/home/yerac/radaf/go-lib/pkg/db/db_test.go:38</failure>
      </testcase>
      <testcase name="Database Begin Commit issues a commit" classname="DB Suite" time="0.000530632">
          <failure type="Failure">/home/yerac/radaf/go-lib/pkg/db/db_test.go:27&#xA;Expected success, but got an error:&#xA;    &lt;*errors.errorString | 0xc000338260&gt;: {&#xA;        s: &#34;call to database Ping, was not expected, next expectation is: ExpectedQuery =&gt; expecting Query, QueryContext or QueryRow which:\n  - matches sql: &#39;SELECT&#39;\n  - is without arguments\n  - should return rows:\n    row 0 - [99]&#34;,&#xA;    }&#xA;    call to database Ping, was not expected, next expectation is: ExpectedQuery =&gt; expecting Query, QueryContext or QueryRow which:&#xA;      - matches sql: &#39;SELECT&#39;&#xA;      - is without arguments&#xA;      - should return rows:&#xA;        row 0 - [99]&#xA;/home/yerac/radaf/go-lib/pkg/db/db_test.go:38</failure>
      </testcase>
      <testcase name="Database Begin Rollback issues a rollback" classname="DB Suite" time="0.000564959">
          <failure type="Failure">/home/yerac/radaf/go-lib/pkg/db/db_test.go:27&#xA;Expected success, but got an error:&#xA;    &lt;*errors.errorString | 0xc000338be0&gt;: {&#xA;        s: &#34;call to database Ping, was not expected, next expectation is: ExpectedQuery =&gt; expecting Query, QueryContext or QueryRow which:\n  - matches sql: &#39;SELECT&#39;\n  - is without arguments\n  - should return rows:\n    row 0 - [99]&#34;,&#xA;    }&#xA;    call to database Ping, was not expected, next expectation is: ExpectedQuery =&gt; expecting Query, QueryContext or QueryRow which:&#xA;      - matches sql: &#39;SELECT&#39;&#xA;      - is without arguments&#xA;      - should return rows:&#xA;        row 0 - [99]&#xA;/home/yerac/radaf/go-lib/pkg/db/db_test.go:38</failure>
      </testcase>
  </testsuite>