<?xml version="1.0" encoding="UTF-8"?>
  <testsuite name="Database Suite" tests="8" failures="0" errors="0" time="0.009">
      <testcase name="Database Select should return a stub connection" classname="Database Suite" time="0.000543271"></testcase>
      <testcase name="Database Get should return a stub connection" classname="Database Suite" time="0.000220597"></testcase>
      <testcase name="Database Exec should return a stub connection" classname="Database Suite" time="0.000121732"></testcase>
      <testcase name="Database Query should return a stub connection" classname="Database Suite" time="0.000174476"></testcase>
      <testcase name="Database Begin Returns a Tx interface" classname="Database Suite" time="9.4191e-05"></testcase>
      <testcase name="Database Begin Commit issues a commit" classname="Database Suite" time="0.000121602"></testcase>
      <testcase name="Database Begin Rollback issues a rollback" classname="Database Suite" time="9.1851e-05"></testcase>
      <testcase name="Database Close closes" classname="Database Suite" time="8.051e-05"></testcase>
  </testsuite>